geno distbs now with thickness limit and file handling including empty lines
section: 0
runID: 0	t: 0.0	pop size: 5/120	bf_edge: 0
runID: 0	t: 5.009999999999938	pop size: 1/120	bf_edge: 0
runID: 0	t: 10.009999999999831	pop size: 2/120	bf_edge: 0
runID: 0	t: 15.009999999999724	pop size: 3/120	bf_edge: 0
runID: 0	t: 20.000000000000327	pop size: 3/120	bf_edge: 0
runID: 0	t: 25.00000000000111	pop size: 5/120	bf_edge: 0
runID: 0	t: 30.00000000000189	pop size: 4/120	bf_edge: 0
runID: 0	t: 35.000000000001606	pop size: 2/120	bf_edge: 0
runID: 0	t: 40.00000000000061	pop size: 2/120	bf_edge: 0
runID: 0	t: 45.009999999999614	pop size: 2/120	bf_edge: 0
runID: 0	t: 50.00999999999862	pop size: 3/120	bf_edge: 0
runID: 0	t: 55.009999999997625	pop size: 4/120	bf_edge: 0
runID: 0	t: 60.00999999999663	pop size: 2/120	bf_edge: 0
runID: 0	t: 65.00999999999635	pop size: 1/120	bf_edge: 0
runID: 0	t: 70.00999999999891	pop size: 2/120	bf_edge: 0
runID: 0	t: 75.00000000000146	pop size: 3/120	bf_edge: 0
runID: 0	t: 80.00000000000402	pop size: 6/120	bf_edge: 0
runID: 0	t: 85.00000000000658	pop size: 2/120	bf_edge: 0
runID: 0	t: 90.00000000000914	pop size: 6/120	bf_edge: 0
runID: 0	t: 95.0000000000117	pop size: 5/120	bf_edge: 0
runID: 0	t: 100.00000000001425	pop size: 4/120	bf_edge: 0
section: 1
runID: 1	t: 0.0	pop size: 5/120	bf_edge: 0
runID: 1	t: 5.009999999999938	pop size: 4/120	bf_edge: 0
runID: 1	t: 10.009999999999831	pop size: 2/120	bf_edge: 0
runID: 1	t: 15.009999999999724	pop size: 2/120	bf_edge: 0
runID: 1	t: 20.000000000000327	pop size: 4/120	bf_edge: 0
runID: 1	t: 25.00000000000111	pop size: 1/120	bf_edge: 0
runID: 1	t: 30.00000000000189	pop size: 3/120	bf_edge: 0
runID: 1	t: 35.000000000001606	pop size: 4/120	bf_edge: 0
runID: 1	t: 40.00000000000061	pop size: 1/120	bf_edge: 0
runID: 1	t: 45.009999999999614	pop size: 3/120	bf_edge: 0
runID: 1	t: 50.00999999999862	pop size: 3/120	bf_edge: 0
runID: 1	t: 55.009999999997625	pop size: 4/120	bf_edge: 0
runID: 1	t: 60.00999999999663	pop size: 1/120	bf_edge: 0
runID: 1	t: 65.00999999999635	pop size: 3/120	bf_edge: 0
runID: 1	t: 70.00999999999891	pop size: 1/120	bf_edge: 0
runID: 1	t: 75.00000000000146	pop size: 4/120	bf_edge: 0
runID: 1	t: 80.00000000000402	pop size: 4/120	bf_edge: 0
runID: 1	t: 85.00000000000658	pop size: 4/120	bf_edge: 0
runID: 1	t: 90.00000000000914	pop size: 5/120	bf_edge: 0
runID: 1	t: 95.0000000000117	pop size: 5/120	bf_edge: 0
runID: 1	t: 100.00000000001425	pop size: 6/120	bf_edge: 0
section: 2
runID: 2	t: 0.0	pop size: 5/120	bf_edge: 0
runID: 2	t: 5.009999999999938	pop size: 0/120	bf_edge: 0
runID: 2	t: 10.009999999999831	pop size: 0/120	bf_edge: 0
runID: 2	t: 15.009999999999724	pop size: 1/120	bf_edge: 0
runID: 2	t: 20.000000000000327	pop size: 2/120	bf_edge: 0
runID: 2	t: 25.00000000000111	pop size: 3/120	bf_edge: 0
runID: 2	t: 30.00000000000189	pop size: 3/120	bf_edge: 0
runID: 2	t: 35.000000000001606	pop size: 4/120	bf_edge: 0
runID: 2	t: 40.00000000000061	pop size: 3/120	bf_edge: 0
runID: 2	t: 45.009999999999614	pop size: 2/120	bf_edge: 0
runID: 2	t: 50.00999999999862	pop size: 4/120	bf_edge: 0
runID: 2	t: 55.009999999997625	pop size: 4/120	bf_edge: 0
runID: 2	t: 60.00999999999663	pop size: 3/120	bf_edge: 0
runID: 2	t: 65.00499999999636	pop size: 2/120	bf_edge: 0
runID: 2	t: 70.00499999999892	pop size: 5/120	bf_edge: 0
runID: 2	t: 75.00500000000147	pop size: 5/120	bf_edge: 0
runID: 2	t: 80.00500000000403	pop size: 3/120	bf_edge: 0
runID: 2	t: 85.00500000000659	pop size: 2/120	bf_edge: 0
runID: 2	t: 90.00500000000915	pop size: 2/120	bf_edge: 0
runID: 2	t: 95.0050000000117	pop size: 4/120	bf_edge: 0
runID: 2	t: 100.00500000001426	pop size: 2/120	bf_edge: 0
section: 3
runID: 3	t: 0.0	pop size: 5/120	bf_edge: 0
runID: 3	t: 5.009999999999938	pop size: 1/120	bf_edge: 0
runID: 3	t: 10.009999999999831	pop size: 1/120	bf_edge: 0
runID: 3	t: 15.009999999999724	pop size: 5/120	bf_edge: 0
runID: 3	t: 20.000000000000327	pop size: 3/120	bf_edge: 0
runID: 3	t: 25.00000000000111	pop size: 4/120	bf_edge: 0
runID: 3	t: 30.00000000000189	pop size: 1/120	bf_edge: 0
runID: 3	t: 35.000000000001606	pop size: 2/120	bf_edge: 0
runID: 3	t: 40.00000000000061	pop size: 1/120	bf_edge: 0
runID: 3	t: 45.009999999999614	pop size: 6/120	bf_edge: 0
runID: 3	t: 50.00999999999862	pop size: 4/120	bf_edge: 0
runID: 3	t: 55.009999999997625	pop size: 1/120	bf_edge: 0
runID: 3	t: 60.00999999999663	pop size: 1/120	bf_edge: 0
runID: 3	t: 65.00999999999635	pop size: 3/120	bf_edge: 0
runID: 3	t: 70.00999999999891	pop size: 3/120	bf_edge: 0
runID: 3	t: 75.00000000000146	pop size: 2/120	bf_edge: 0
runID: 3	t: 80.00000000000402	pop size: 8/120	bf_edge: 0
runID: 3	t: 85.00000000000658	pop size: 2/120	bf_edge: 0
runID: 3	t: 90.00000000000914	pop size: 2/120	bf_edge: 0
runID: 3	t: 95.0000000000117	pop size: 2/120	bf_edge: 0
runID: 3	t: 100.00000000001425	pop size: 4/120	bf_edge: 0
section: 4
runID: 4	t: 0.0	pop size: 5/120	bf_edge: 0
runID: 4	t: 5.009999999999938	pop size: 5/120	bf_edge: 0
runID: 4	t: 10.009999999999831	pop size: 9/120	bf_edge: 0
runID: 4	t: 15.009999999999724	pop size: 2/120	bf_edge: 0
runID: 4	t: 20.000000000000327	pop size: 2/120	bf_edge: 0
runID: 4	t: 25.00000000000111	pop size: 2/120	bf_edge: 0
runID: 4	t: 30.00000000000189	pop size: 1/120	bf_edge: 0
runID: 4	t: 35.000000000001606	pop size: 1/120	bf_edge: 0
runID: 4	t: 40.00000000000061	pop size: 3/120	bf_edge: 0
runID: 4	t: 45.009999999999614	pop size: 3/120	bf_edge: 0
runID: 4	t: 50.00999999999862	pop size: 3/120	bf_edge: 0
runID: 4	t: 55.009999999997625	pop size: 1/120	bf_edge: 0
runID: 4	t: 60.00999999999663	pop size: 0/120	bf_edge: 0
runID: 4	t: 65.00999999999635	pop size: 2/120	bf_edge: 0
runID: 4	t: 70.00999999999891	pop size: 3/120	bf_edge: 0
runID: 4	t: 75.00000000000146	pop size: 1/120	bf_edge: 0
runID: 4	t: 80.00000000000402	pop size: 8/120	bf_edge: 0
runID: 4	t: 85.00000000000658	pop size: 3/120	bf_edge: 0
runID: 4	t: 90.00000000000914	pop size: 1/120	bf_edge: 0
runID: 4	t: 95.0000000000117	pop size: 2/120	bf_edge: 0
runID: 4	t: 100.00000000001425	pop size: 2/120	bf_edge: 0
section: 5
runID: 5	t: 0.0	pop size: 5/120	bf_edge: 0
runID: 5	t: 5.009999999999938	pop size: 1/120	bf_edge: 0
runID: 5	t: 10.009999999999831	pop size: 5/120	bf_edge: 0
runID: 5	t: 15.009999999999724	pop size: 2/120	bf_edge: 0
runID: 5	t: 20.000000000000327	pop size: 2/120	bf_edge: 0
runID: 5	t: 25.00000000000111	pop size: 1/120	bf_edge: 0
runID: 5	t: 30.00000000000189	pop size: 4/120	bf_edge: 0
runID: 5	t: 35.000000000001606	pop size: 3/120	bf_edge: 0
runID: 5	t: 40.00000000000061	pop size: 3/120	bf_edge: 0
runID: 5	t: 45.009999999999614	pop size: 3/120	bf_edge: 0
runID: 5	t: 50.00999999999862	pop size: 4/120	bf_edge: 0
runID: 5	t: 55.009999999997625	pop size: 2/120	bf_edge: 0
runID: 5	t: 60.00999999999663	pop size: 5/120	bf_edge: 0
runID: 5	t: 65.00999999999635	pop size: 2/120	bf_edge: 0
runID: 5	t: 70.00999999999891	pop size: 4/120	bf_edge: 0
runID: 5	t: 75.00000000000146	pop size: 1/120	bf_edge: 0
runID: 5	t: 80.00000000000402	pop size: 3/120	bf_edge: 0
runID: 5	t: 85.00000000000658	pop size: 0/120	bf_edge: 0
runID: 5	t: 90.00000000000914	pop size: 0/120	bf_edge: 0
runID: 5	t: 95.0000000000117	pop size: 0/120	bf_edge: 0
runID: 5	t: 100.00000000001425	pop size: 1/120	bf_edge: 0
section: 6
runID: 6	t: 0.0	pop size: 5/120	bf_edge: 0
runID: 6	t: 5.009999999999938	pop size: 5/120	bf_edge: 0
runID: 6	t: 10.009999999999831	pop size: 2/120	bf_edge: 0
runID: 6	t: 15.009999999999724	pop size: 2/120	bf_edge: 0
runID: 6	t: 20.000000000000327	pop size: 4/120	bf_edge: 0
runID: 6	t: 25.00000000000111	pop size: 6/120	bf_edge: 0
runID: 6	t: 30.00000000000189	pop size: 3/120	bf_edge: 0
runID: 6	t: 35.000000000001606	pop size: 2/120	bf_edge: 0
runID: 6	t: 40.00000000000061	pop size: 5/120	bf_edge: 0
runID: 6	t: 45.009999999999614	pop size: 2/120	bf_edge: 0
runID: 6	t: 50.00999999999862	pop size: 3/120	bf_edge: 0
runID: 6	t: 55.009999999997625	pop size: 4/120	bf_edge: 0
runID: 6	t: 60.00999999999663	pop size: 3/120	bf_edge: 0
runID: 6	t: 65.00999999999635	pop size: 5/120	bf_edge: 0
runID: 6	t: 70.00999999999891	pop size: 3/120	bf_edge: 0
runID: 6	t: 75.00000000000146	pop size: 1/120	bf_edge: 0
runID: 6	t: 80.00000000000402	pop size: 4/120	bf_edge: 0
runID: 6	t: 85.00000000000658	pop size: 2/120	bf_edge: 0
runID: 6	t: 90.00000000000914	pop size: 1/120	bf_edge: 0
runID: 6	t: 95.0000000000117	pop size: 2/120	bf_edge: 0
runID: 6	t: 100.00000000001425	pop size: 3/120	bf_edge: 0
section: 7
runID: 7	t: 0.0	pop size: 5/120	bf_edge: 0
runID: 7	t: 5.009999999999938	pop size: 4/120	bf_edge: 0
runID: 7	t: 10.009999999999831	pop size: 2/120	bf_edge: 0
runID: 7	t: 15.009999999999724	pop size: 3/120	bf_edge: 0
runID: 7	t: 20.000000000000327	pop size: 1/120	bf_edge: 0
runID: 7	t: 25.00000000000111	pop size: 1/120	bf_edge: 0
runID: 7	t: 30.00000000000189	pop size: 1/120	bf_edge: 0
runID: 7	t: 35.000000000001606	pop size: 3/120	bf_edge: 0
runID: 7	t: 40.00000000000061	pop size: 4/120	bf_edge: 0
runID: 7	t: 45.009999999999614	pop size: 1/120	bf_edge: 0
runID: 7	t: 50.00999999999862	pop size: 5/120	bf_edge: 0
runID: 7	t: 55.009999999997625	pop size: 4/120	bf_edge: 0
runID: 7	t: 60.00999999999663	pop size: 2/120	bf_edge: 0
runID: 7	t: 65.00999999999635	pop size: 3/120	bf_edge: 0
runID: 7	t: 70.00999999999891	pop size: 5/120	bf_edge: 0
runID: 7	t: 75.00000000000146	pop size: 3/120	bf_edge: 0
runID: 7	t: 80.00000000000402	pop size: 3/120	bf_edge: 0
runID: 7	t: 85.00000000000658	pop size: 1/120	bf_edge: 0
runID: 7	t: 90.00000000000914	pop size: 4/120	bf_edge: 0
runID: 7	t: 95.0000000000117	pop size: 4/120	bf_edge: 0
runID: 7	t: 100.00000000001425	pop size: 3/120	bf_edge: 0
section: 8
runID: 8	t: 0.0	pop size: 5/120	bf_edge: 0
runID: 8	t: 5.009999999999938	pop size: 1/120	bf_edge: 0
runID: 8	t: 10.009999999999831	pop size: 2/120	bf_edge: 0
runID: 8	t: 15.009999999999724	pop size: 1/120	bf_edge: 0
runID: 8	t: 20.000000000000327	pop size: 4/120	bf_edge: 0
runID: 8	t: 25.00000000000111	pop size: 4/120	bf_edge: 0
runID: 8	t: 30.00000000000189	pop size: 2/120	bf_edge: 0
runID: 8	t: 35.000000000001606	pop size: 0/120	bf_edge: 0
runID: 8	t: 40.00000000000061	pop size: 0/120	bf_edge: 0
runID: 8	t: 45.009999999999614	pop size: 1/120	bf_edge: 0
runID: 8	t: 50.00999999999862	pop size: 3/120	bf_edge: 0
runID: 8	t: 55.009999999997625	pop size: 3/120	bf_edge: 0
runID: 8	t: 60.00999999999663	pop size: 5/120	bf_edge: 0
runID: 8	t: 65.00999999999635	pop size: 7/120	bf_edge: 0
runID: 8	t: 70.00999999999891	pop size: 2/120	bf_edge: 0
runID: 8	t: 75.00000000000146	pop size: 1/120	bf_edge: 0
runID: 8	t: 80.00000000000402	pop size: 2/120	bf_edge: 0
runID: 8	t: 85.00000000000658	pop size: 5/120	bf_edge: 0
runID: 8	t: 90.00000000000914	pop size: 3/120	bf_edge: 0
runID: 8	t: 95.0000000000117	pop size: 4/120	bf_edge: 0
runID: 8	t: 100.00000000001425	pop size: 0/120	bf_edge: 0
results written to file
Time taken: 00:00:08
